<?xml version="1.0" encoding="UTF-8"?>
<!-- Generated by org.testng.reporters.JUnitReportReporter -->
<testsuite skipped="0" hostname="DESKTOP-4MV3R5N" name="test.java.mars.rovers.test.MarsRoverPathTests" tests="1" failures="0" timestamp="27 Oct 2018 06:02:42 GMT" time="0.008" errors="0">
  <testcase name="testSampleTestCases" time="0.008" classname="test.java.mars.rovers.test.MarsRoverPathTests"/>
</testsuite> <!-- test.java.mars.rovers.test.MarsRoverPathTests -->
